<?xml version="1.0" encoding="UTF-8"?>
<!-- Generated by org.testng.reporters.JUnitXMLReporter -->
<testsuite ignored="0" hostname="DESKTOP-DSICQ2F" failures="0" tests="4" name="Default test" time="2.196" errors="0" timestamp="2022-06-15T01:01:21 IST">
  <testcase classname="naga.DataDriven1" name="getDisplay" time="0.019"/>
  <testcase classname="naga.DataDriven1" name="getDisplay" time="0.003"/>
  <testcase classname="naga.DataDriven1" name="getDisplay" time="0.006"/>
  <testcase classname="naga.DataDriven1" name="getDisplay" time="0.007"/>
</testsuite> <!-- Default test -->
