<?xml version="1.0" encoding="UTF-8"?>
<!-- Generated by org.testng.reporters.JUnitXMLReporter -->
<testsuite ignored="0" hostname="DESKTOP-DSICQ2F" failures="0" tests="6" name="Command line test" time="0.128" errors="0" timestamp="2022-06-02T23:18:57 IST">
  <testcase classname="naga.AppiumTest" name="appDetails" time="0.012"/>
  <testcase classname="naga.AppiumTest" name="mobApp" time="0.001"/>
  <testcase classname="naga.RestAPITest" name="RestAPI" time="0.001"/>
  <testcase classname="naga.RestAPITest" name="deleteCookies" time="0.001"/>
  <testcase classname="naga.SeleniumTest" name="getBrowser" time="0.001"/>
  <testcase classname="naga.SeleniumTest" name="getdata" time="0.001"/>
</testsuite> <!-- Command line test -->
