<?xml version="1.0" encoding="UTF-8"?>
<testng-results ignored="0" total="6" passed="6" failed="0" skipped="0">
  <reporter-output>
  </reporter-output>
  <suite started-at="2022-06-02T23:18:56 IST" name="Command line suite" finished-at="2022-06-02T23:18:56 IST" duration-ms="128">
    <groups>
    </groups>
    <test started-at="2022-06-02T23:18:56 IST" name="Command line test" finished-at="2022-06-02T23:18:56 IST" duration-ms="128">
      <class name="naga.RestAPITest">
        <test-method signature="RestAPI()[pri:0, instance:naga.RestAPITest@7817fd62]" started-at="2022-06-02T23:18:56 IST" name="RestAPI" finished-at="2022-06-02T23:18:56 IST" duration-ms="1" status="PASS">
          <reporter-output>
          </reporter-output>
        </test-method> <!-- RestAPI -->
        <test-method signature="deleteCookies()[pri:0, instance:naga.RestAPITest@7817fd62]" started-at="2022-06-02T23:18:56 IST" name="deleteCookies" finished-at="2022-06-02T23:18:56 IST" duration-ms="1" status="PASS">
          <reporter-output>
          </reporter-output>
        </test-method> <!-- deleteCookies -->
      </class> <!-- naga.RestAPITest -->
      <class name="naga.AppiumTest">
        <test-method signature="appDetails()[pri:0, instance:naga.AppiumTest@40005471]" started-at="2022-06-02T23:18:56 IST" name="appDetails" finished-at="2022-06-02T23:18:56 IST" duration-ms="12" status="PASS">
          <reporter-output>
          </reporter-output>
        </test-method> <!-- appDetails -->
        <test-method signature="mobApp()[pri:0, instance:naga.AppiumTest@40005471]" started-at="2022-06-02T23:18:56 IST" name="mobApp" finished-at="2022-06-02T23:18:56 IST" duration-ms="1" status="PASS">
          <reporter-output>
          </reporter-output>
        </test-method> <!-- mobApp -->
      </class> <!-- naga.AppiumTest -->
      <class name="naga.SeleniumTest">
        <test-method signature="getBrowser()[pri:0, instance:naga.SeleniumTest@8297b3a]" started-at="2022-06-02T23:18:56 IST" name="getBrowser" finished-at="2022-06-02T23:18:56 IST" duration-ms="1" status="PASS">
          <reporter-output>
          </reporter-output>
        </test-method> <!-- getBrowser -->
        <test-method signature="getdata()[pri:0, instance:naga.SeleniumTest@8297b3a]" started-at="2022-06-02T23:18:56 IST" name="getdata" finished-at="2022-06-02T23:18:56 IST" duration-ms="1" status="PASS">
          <reporter-output>
          </reporter-output>
        </test-method> <!-- getdata -->
      </class> <!-- naga.SeleniumTest -->
    </test> <!-- Command line test -->
  </suite> <!-- Command line suite -->
</testng-results>
