<?xml version="1.0" encoding="UTF-8"?>
<testng-results ignored="0" total="4" passed="4" failed="0" skipped="0">
  <reporter-output>
  </reporter-output>
  <suite started-at="2022-06-15T01:01:18 IST" name="Default suite" finished-at="2022-06-15T01:01:21 IST" duration-ms="2196">
    <groups>
    </groups>
    <test started-at="2022-06-15T01:01:18 IST" name="Default test" finished-at="2022-06-15T01:01:21 IST" duration-ms="2196">
      <class name="naga.DataDriven1">
        <test-method signature="getDisplay(java.lang.String,java.lang.String)[pri:0, instance:naga.DataDriven1@1fa268de]" started-at="2022-06-15T01:01:20 IST" name="getDisplay" data-provider="getData" finished-at="2022-06-15T01:01:20 IST" duration-ms="19" status="PASS">
          <params>
            <param index="0">
              <value>
                <![CDATA[Nagaraj]]>
              </value>
            </param>
            <param index="1">
              <value>
                <![CDATA[fgfjhghjg]]>
              </value>
            </param>
          </params>
          <reporter-output>
          </reporter-output>
        </test-method> <!-- getDisplay -->
        <test-method signature="getDisplay(java.lang.String,java.lang.String)[pri:0, instance:naga.DataDriven1@1fa268de]" started-at="2022-06-15T01:01:20 IST" name="getDisplay" data-provider="getData" finished-at="2022-06-15T01:01:20 IST" duration-ms="3" status="PASS">
          <params>
            <param index="0">
              <value>
                <![CDATA[Nagarajbalajis]]>
              </value>
            </param>
            <param index="1">
              <value>
                <![CDATA[hgjbgjkbdsa]]>
              </value>
            </param>
          </params>
          <reporter-output>
          </reporter-output>
        </test-method> <!-- getDisplay -->
        <test-method signature="getDisplay(java.lang.String,java.lang.String)[pri:0, instance:naga.DataDriven1@1fa268de]" started-at="2022-06-15T01:01:20 IST" name="getDisplay" data-provider="getData" finished-at="2022-06-15T01:01:20 IST" duration-ms="6" status="PASS">
          <params>
            <param index="0">
              <value>
                <![CDATA[ghg]]>
              </value>
            </param>
            <param index="1">
              <value>
                <![CDATA[ghgg]]>
              </value>
            </param>
          </params>
          <reporter-output>
          </reporter-output>
        </test-method> <!-- getDisplay -->
        <test-method signature="getDisplay(java.lang.String,java.lang.String)[pri:0, instance:naga.DataDriven1@1fa268de]" started-at="2022-06-15T01:01:21 IST" name="getDisplay" data-provider="getData" finished-at="2022-06-15T01:01:21 IST" duration-ms="7" status="PASS">
          <params>
            <param index="0">
              <value>
                <![CDATA[hhhh]]>
              </value>
            </param>
            <param index="1">
              <value>
                <![CDATA[ghghg]]>
              </value>
            </param>
          </params>
          <reporter-output>
          </reporter-output>
        </test-method> <!-- getDisplay -->
      </class> <!-- naga.DataDriven1 -->
    </test> <!-- Default test -->
  </suite> <!-- Default suite -->
</testng-results>
